[INFO ] 2022-09-24 19:29:25,174 de.rwth.idsg.steve.utils.PropertiesFileLoader (main) - Hint: The Java system property 'main.properties' can be set to point to an external properties file, which will be prioritized over the bundled one
[INFO ] 2022-09-24 19:29:25,416 de.rwth.idsg.steve.Application (main) - Loaded the properties. Starting with the 'TEST' profile
[INFO ] 2022-09-24 19:29:25,487 de.rwth.idsg.steve.Application (main) - Date/time zone of the application is set to UTC. Current date/time: 2022-09-24T13:59:25.441Z
Log file: Not available
Starting.[INFO ] 2022-09-24 19:29:26,125 org.eclipse.jetty.server.Server (main) - jetty-10.0.11; built: 2022-06-21T21:12:44.640Z; git: d988aa016e0bb2de6fba84c1659049c72eae3e32; jvm 11.0.2+9
..[INFO ] 2022-09-24 19:29:26,987 org.eclipse.jetty.server.handler.ContextHandler.steve (main) - No Spring WebApplicationInitializer types detected on classpath
[INFO ] 2022-09-24 19:29:27,008 org.eclipse.jetty.server.session.DefaultSessionIdManager (main) - Session workerName=node0
[INFO ] 2022-09-24 19:29:27,091 org.eclipse.jetty.server.handler.ContextHandler.steve (main) - Initializing Spring root WebApplicationContext
[INFO ] 2022-09-24 19:29:27,092 org.springframework.web.context.ContextLoader (main) - Root WebApplicationContext: initialization started
....[INFO ] 2022-09-24 19:29:29,631 com.zaxxer.hikari.HikariDataSource (main) - HikariPool-1 - Starting...
.[INFO ] 2022-09-24 19:29:30,304 com.zaxxer.hikari.pool.HikariPool (main) - HikariPool-1 - Added connection com.mysql.cj.jdbc.ConnectionImpl@e09f1b6
[INFO ] 2022-09-24 19:29:30,313 com.zaxxer.hikari.HikariDataSource (main) - HikariPool-1 - Start completed.
.........[INFO ] 2022-09-24 19:29:35,236 org.apache.cxf.wsdl.service.factory.ReflectionServiceFactoryBean (main) - Creating Service {urn://Ocpp/Cs/2010/08/}CentralSystemService from class ocpp.cs._2010._08.CentralSystemService
..[INFO ] 2022-09-24 19:29:36,626 org.apache.cxf.endpoint.ServerImpl (main) - Setting the server's publish address to be /CentralSystemServiceOCPP12
[INFO ] 2022-09-24 19:29:36,676 org.apache.cxf.wsdl.service.factory.ReflectionServiceFactoryBean (main) - Creating Service {urn://Ocpp/Cs/2012/06/}CentralSystemService from class ocpp.cs._2012._06.CentralSystemService
[INFO ] 2022-09-24 19:29:36,946 org.apache.cxf.endpoint.ServerImpl (main) - Setting the server's publish address to be /CentralSystemServiceOCPP15
[INFO ] 2022-09-24 19:29:36,951 org.apache.cxf.wsdl.service.factory.ReflectionServiceFactoryBean (main) - Creating Service {urn://Ocpp/Cs/2015/10/}CentralSystemService from class ocpp.cs._2015._10.CentralSystemService
.[INFO ] 2022-09-24 19:29:37,146 org.apache.cxf.endpoint.ServerImpl (main) - Setting the server's publish address to be /CentralSystemServiceOCPP16
[INFO ] 2022-09-24 19:29:37,151 org.apache.cxf.wsdl.service.factory.ReflectionServiceFactoryBean (main) - Creating Service {urn://Ocpp/Cs/2010/08/}CentralSystemService from class ocpp.cs._2010._08.CentralSystemService
[INFO ] 2022-09-24 19:29:37,235 org.apache.cxf.endpoint.ServerImpl (main) - Setting the server's publish address to be /CentralSystemService
..[DEBUG] 2022-09-24 19:29:38,761 org.jooq.tools.LoggerListener.org.jooq.tools.LoggerListener (main) - Executing query          : select `stevedb`.`settings`.`app_id`, `stevedb`.`settings`.`heartbeat_interval_in_seconds`, `stevedb`.`settings`.`hours_to_expire`, `stevedb`.`settings`.`mail_enabled`, `stevedb`.`settings`.`mail_host`, `stevedb`.`settings`.`mail_username`, `stevedb`.`settings`.`mail_password`, `stevedb`.`settings`.`mail_from`, `stevedb`.`settings`.`mail_protocol`, `stevedb`.`settings`.`mail_port`, `stevedb`.`settings`.`mail_recipients`, `stevedb`.`settings`.`notification_features` from `stevedb`.`settings` where `stevedb`.`settings`.`app_id` = ?
[DEBUG] 2022-09-24 19:29:38,766 org.jooq.tools.LoggerListener.org.jooq.tools.LoggerListener (main) - -> with bind values      : select `stevedb`.`settings`.`app_id`, `stevedb`.`settings`.`heartbeat_interval_in_seconds`, `stevedb`.`settings`.`hours_to_expire`, `stevedb`.`settings`.`mail_enabled`, `stevedb`.`settings`.`mail_host`, `stevedb`.`settings`.`mail_username`, `stevedb`.`settings`.`mail_password`, `stevedb`.`settings`.`mail_from`, `stevedb`.`settings`.`mail_protocol`, `stevedb`.`settings`.`mail_port`, `stevedb`.`settings`.`mail_recipients`, `stevedb`.`settings`.`notification_features` from `stevedb`.`settings` where `stevedb`.`settings`.`app_id` = 'U3RlY2tkb3NlblZlcndhbHR1bmc='
.[DEBUG] 2022-09-24 19:29:38,911 org.jooq.tools.LoggerListener.org.jooq.tools.LoggerListener (main) - Fetched result           : +----------------------------+-----------------------------+---------------+------------+---------+-------------+-------------+---------+-------------+---------+---------------+---------------------+
[DEBUG] 2022-09-24 19:29:38,912 org.jooq.tools.LoggerListener.org.jooq.tools.LoggerListener (main) -                          : |app_id                      |heartbeat_interval_in_seconds|hours_to_expire|mail_enabled|mail_host|mail_username|mail_password|mail_from|mail_protocol|mail_port|mail_recipients|notification_features|
[DEBUG] 2022-09-24 19:29:38,912 org.jooq.tools.LoggerListener.org.jooq.tools.LoggerListener (main) -                          : +----------------------------+-----------------------------+---------------+------------+---------+-------------+-------------+---------+-------------+---------+---------------+---------------------+
[DEBUG] 2022-09-24 19:29:38,912 org.jooq.tools.LoggerListener.org.jooq.tools.LoggerListener (main) -                          : |U3RlY2tkb3NlblZlcndhbHR1bmc=|                        14400|              1|false       |{null}   |{null}       |{null}       |{null}   |smtp         |       25|{null}         |{null}               |
[DEBUG] 2022-09-24 19:29:38,912 org.jooq.tools.LoggerListener.org.jooq.tools.LoggerListener (main) -                          : +----------------------------+-----------------------------+---------------+------------+---------+-------------+-------------+---------+-------------+---------+---------------+---------------------+
[DEBUG] 2022-09-24 19:29:38,912 org.jooq.tools.LoggerListener.org.jooq.tools.LoggerListener (main) - Fetched row(s)           : 1
.....[DEBUG] 2022-09-24 19:29:41,947 _org.springframework.web.servlet.HandlerMapping.Mappings (main) -
	d.r.i.s.w.c.AboutSettingsController:
	{GET [/manager/about]}: getAbout(Model)
	{POST [/manager/settings], params [testMail]}: testMail(SettingsForm,BindingResult,Model)
	{POST [/manager/settings], params [change]}: postSettings(SettingsForm,BindingResult,Model)
	{GET [/manager/settings]}: getSettings(Model)
[DEBUG] 2022-09-24 19:29:41,957 _org.springframework.web.servlet.HandlerMapping.Mappings (main) -
	d.r.i.s.w.c.AjaxCallController:
	{GET [/manager/ajax/{chargeBoxId}/connectorIds], produces [application/json]}: getConnectorIds(String,HttpServletResponse)
	{GET [/manager/ajax/{chargeBoxId}/transactionIds], produces [application/json]}: getTransactionIds(String,HttpServletResponse)
	{GET [/manager/ajax/{chargeBoxId}/reservationIds], produces [application/json]}: getReservationIds(String,HttpServletResponse)
[DEBUG] 2022-09-24 19:29:41,973 _org.springframework.web.servlet.HandlerMapping.Mappings (main) -
	d.r.i.s.w.c.ChargePointsController:
	{GET [/manager/chargepoints/details/{chargeBoxPk}]}: getDetails(int,Model)
	{GET [/manager/chargepoints/add]}: addGet(Model)
	{GET [/manager/chargepoints]}: getOverview(Model)
	{POST [/manager/chargepoints/add/single], params [add]}: addSinglePost(ChargePointForm,BindingResult,Model)
	{POST [/manager/chargepoints/add/batch]}: addBatchPost(ChargePointBatchInsertForm,BindingResult,Model)
	{POST [/manager/chargepoints/unknown/add/{chargeBoxId}/]}: addUnknownChargeBoxId(String)
	{POST [/manager/chargepoints/unknown/remove/{chargeBoxId}/]}: removeUnknownChargeBoxId(String)
	{POST [/manager/chargepoints/add/single], params [backToOverview]}: addBackToOverview()
	{POST [/manager/chargepoints/update], params [backToOverview]}: updateBackToOverview()
	{POST [/manager/chargepoints/update], params [update]}: update(ChargePointForm,BindingResult,Model)
	{POST [/manager/chargepoints/delete/{chargeBoxPk}]}: delete(int)
	{GET [/manager/chargepoints/query]}: getQuery(ChargePointQueryForm,Model)
[DEBUG] 2022-09-24 19:29:41,986 _org.springframework.web.servlet.HandlerMapping.Mappings (main) -
	d.r.i.s.w.c.ChargingProfilesController:
	{GET [/manager/chargingProfiles/details/{chargingProfilePk}]}: getDetails(int,Model)
	{GET [/manager/chargingProfiles/add]}: addGet(Model)
	{POST [/manager/chargingProfiles/add], params [add]}: addPost(ChargingProfileForm,BindingResult,Model)
	{GET [/manager/chargingProfiles]}: getOverview(Model)
	{GET [/manager/chargingProfiles/assignments]}: getAssignments(ChargingProfileAssignmentQueryForm,Model)
	{POST [/manager/chargingProfiles/add], params [backToOverview]}: addBackToOverview()
	{POST [/manager/chargingProfiles/update], params [backToOverview]}: updateBackToOverview()
	{POST [/manager/chargingProfiles/update], params [update]}: update(ChargingProfileForm,BindingResult,Model)
	{POST [/manager/chargingProfiles/delete/{chargingProfilePk}]}: delete(int)
	{GET [/manager/chargingProfiles/query]}: getQuery(ChargingProfileQueryForm,Model)
[DEBUG] 2022-09-24 19:29:41,990 _org.springframework.web.servlet.HandlerMapping.Mappings (main) -
	d.r.i.s.w.c.HomeController:
	{GET [/manager || /manager/home]}: getHome(Model)
	{GET [/manager/home/ocppJsonStatus]}: getOcppJsonStatus(Model)
	{GET [/manager/home/connectorStatus/query]}: getConnectorStatusQuery(ConnectorStatusForm,Model)
	{GET [/manager/home/connectorStatus]}: getConnectorStatus(Model)
[DEBUG] 2022-09-24 19:29:41,997 _org.springframework.web.servlet.HandlerMapping.Mappings (main) -
	d.r.i.s.w.c.LogController:
	{GET [/manager/log]}: log(HttpServletResponse)
[DEBUG] 2022-09-24 19:29:42,007 _org.springframework.web.servlet.HandlerMapping.Mappings (main) -
	d.r.i.s.w.c.Ocpp12Controller:
	{GET [/manager/operations/v1.2/GetDiagnostics]}: getGetDiag(Model)
	{GET [/manager/operations/v1.2/Reset]}: getReset(Model)
	{POST [/manager/operations/v1.2/Reset]}: postReset(ResetParams,BindingResult,Model)
	{GET [/manager/operations/v1.2/ChangeAvailability]}: getChangeAvail(Model)
	{GET [/manager/operations/v1.2/ChangeConfiguration]}: getChangeConf(Model)
	{GET [/manager/operations/v1.2/ClearCache]}: getClearCache(Model)
	{GET [/manager/operations/v1.2/RemoteStartTransaction]}: getRemoteStartTx(Model)
	{GET [/manager/operations/v1.2/RemoteStopTransaction]}: getRemoteStopTx(Model)
	{GET [/manager/operations/v1.2/UnlockConnector]}: getUnlockCon(Model)
	{GET [/manager/operations/v1.2/UpdateFirmware]}: getUpdateFirm(Model)
	{POST [/manager/operations/v1.2/ChangeAvailability]}: postChangeAvail(ChangeAvailabilityParams,BindingResult,Model)
	{POST [/manager/operations/v1.2/ChangeConfiguration]}: postChangeConf(ChangeConfigurationParams,BindingResult,Model)
	{POST [/manager/operations/v1.2/ClearCache]}: postClearCache(MultipleChargePointSelect,BindingResult,Model)
	{POST [/manager/operations/v1.2/GetDiagnostics]}: postGetDiag(GetDiagnosticsParams,BindingResult,Model)
	{POST [/manager/operations/v1.2/RemoteStartTransaction]}: postRemoteStartTx(RemoteStartTransactionParams,BindingResult,Model)
	{POST [/manager/operations/v1.2/RemoteStopTransaction]}: postRemoteStopTx(RemoteStopTransactionParams,BindingResult,Model)
	{POST [/manager/operations/v1.2/UnlockConnector]}: postUnlockCon(UnlockConnectorParams,BindingResult,Model)
	{POST [/manager/operations/v1.2/UpdateFirmware]}: postUpdateFirm(UpdateFirmwareParams,BindingResult,Model)
	{GET [/manager/operations/v1.2]}: getBase()
[DEBUG] 2022-09-24 19:29:42,033 _org.springframework.web.servlet.HandlerMapping.Mappings (main) -
	d.r.i.s.w.c.Ocpp15Controller:
	{GET [/manager/operations/v1.5/GetConfiguration]}: getGetConf(Model)
	{GET [/manager/operations/v1.5/GetLocalListVersion]}: getListVersion(Model)
	{GET [/manager/operations/v1.5/SendLocalList]}: getSendList(Model)
	{POST [/manager/operations/v1.5/ReserveNow]}: postReserveNow(ReserveNowParams,BindingResult,Model)
	{POST [/manager/operations/v1.5/CancelReservation]}: postCancelReserv(CancelReservationParams,BindingResult,Model)
	{POST [/manager/operations/v1.5/DataTransfer]}: postDataTransfer(DataTransferParams,BindingResult,Model)
	{POST [/manager/operations/v1.5/GetConfiguration]}: postGetConf(GetConfigurationParams,BindingResult,Model)
	{POST [/manager/operations/v1.5/GetLocalListVersion]}: postListVersion(MultipleChargePointSelect,BindingResult,Model)
	{POST [/manager/operations/v1.5/SendLocalList]}: postSendList(SendLocalListParams,BindingResult,Model)
	{GET [/manager/operations/v1.5/ReserveNow]}: getReserveNow(Model)
	{GET [/manager/operations/v1.5/CancelReservation]}: getCancelReserv(Model)
	{GET [/manager/operations/v1.5/DataTransfer]}: getDataTransfer(Model)
	{GET [/manager/operations/v1.5/GetDiagnostics]}: getGetDiag(Model)
	{GET [/manager/operations/v1.5/Reset]}: getReset(Model)
	{POST [/manager/operations/v1.5/Reset]}: postReset(ResetParams,BindingResult,Model)
	{GET [/manager/operations/v1.5/ChangeAvailability]}: getChangeAvail(Model)
	{GET [/manager/operations/v1.5/ChangeConfiguration]}: getChangeConf(Model)
	{GET [/manager/operations/v1.5/ClearCache]}: getClearCache(Model)
	{GET [/manager/operations/v1.5/RemoteStartTransaction]}: getRemoteStartTx(Model)
	{GET [/manager/operations/v1.5/RemoteStopTransaction]}: getRemoteStopTx(Model)
	{GET [/manager/operations/v1.5/UnlockConnector]}: getUnlockCon(Model)
	{GET [/manager/operations/v1.5/UpdateFirmware]}: getUpdateFirm(Model)
	{POST [/manager/operations/v1.5/ChangeAvailability]}: postChangeAvail(ChangeAvailabilityParams,BindingResult,Model)
	{POST [/manager/operations/v1.5/ChangeConfiguration]}: postChangeConf(ChangeConfigurationParams,BindingResult,Model)
	{POST [/manager/operations/v1.5/ClearCache]}: postClearCache(MultipleChargePointSelect,BindingResult,Model)
	{POST [/manager/operations/v1.5/GetDiagnostics]}: postGetDiag(GetDiagnosticsParams,BindingResult,Model)
	{POST [/manager/operations/v1.5/RemoteStartTransaction]}: postRemoteStartTx(RemoteStartTransactionParams,BindingResult,Model)
	{POST [/manager/operations/v1.5/RemoteStopTransaction]}: postRemoteStopTx(RemoteStopTransactionParams,BindingResult,Model)
	{POST [/manager/operations/v1.5/UnlockConnector]}: postUnlockCon(UnlockConnectorParams,BindingResult,Model)
	{POST [/manager/operations/v1.5/UpdateFirmware]}: postUpdateFirm(UpdateFirmwareParams,BindingResult,Model)
	{GET [/manager/operations/v1.5]}: getBase()
[DEBUG] 2022-09-24 19:29:42,059 _org.springframework.web.servlet.HandlerMapping.Mappings (main) -
	d.r.i.s.w.c.Ocpp16Controller:
	{GET [/manager/operations/v1.6/GetConfiguration]}: getGetConf(Model)
	{POST [/manager/operations/v1.6/GetConfiguration]}: postGetConf(GetConfigurationParams,BindingResult,Model)
	{GET [/manager/operations/v1.6/GetCompositeSchedule]}: getGetCompositeSchedule(Model)
	{GET [/manager/operations/v1.6/ClearChargingProfile]}: getClearChargingProfile(Model)
	{GET [/manager/operations/v1.6/SetChargingProfile]}: getSetChargingProfile(Model)
	{GET [/manager/operations/v1.6/TriggerMessage]}: getTriggerMessage(Model)
	{POST [/manager/operations/v1.6/TriggerMessage]}: postTriggerMessage(TriggerMessageParams,BindingResult,Model)
	{POST [/manager/operations/v1.6/SetChargingProfile]}: postSetChargingProfile(SetChargingProfileParams,BindingResult,Model)
	{POST [/manager/operations/v1.6/ClearChargingProfile]}: postClearChargingProfile(ClearChargingProfileParams,BindingResult,Model)
	{POST [/manager/operations/v1.6/GetCompositeSchedule]}: postGetCompositeSchedule(GetCompositeScheduleParams,BindingResult,Model)
	{GET [/manager/operations/v1.6/ChangeConfiguration]}: getChangeConf(Model)
	{GET [/manager/operations/v1.6/GetLocalListVersion]}: getListVersion(Model)
	{GET [/manager/operations/v1.6/SendLocalList]}: getSendList(Model)
	{POST [/manager/operations/v1.6/ReserveNow]}: postReserveNow(ReserveNowParams,BindingResult,Model)
	{POST [/manager/operations/v1.6/CancelReservation]}: postCancelReserv(CancelReservationParams,BindingResult,Model)
	{POST [/manager/operations/v1.6/DataTransfer]}: postDataTransfer(DataTransferParams,BindingResult,Model)
	{POST [/manager/operations/v1.6/GetLocalListVersion]}: postListVersion(MultipleChargePointSelect,BindingResult,Model)
	{POST [/manager/operations/v1.6/SendLocalList]}: postSendList(SendLocalListParams,BindingResult,Model)
	{GET [/manager/operations/v1.6/ReserveNow]}: getReserveNow(Model)
	{GET [/manager/operations/v1.6/CancelReservation]}: getCancelReserv(Model)
	{GET [/manager/operations/v1.6/DataTransfer]}: getDataTransfer(Model)
	{GET [/manager/operations/v1.6/GetDiagnostics]}: getGetDiag(Model)
	{GET [/manager/operations/v1.6/Reset]}: getReset(Model)
	{POST [/manager/operations/v1.6/Reset]}: postReset(ResetParams,BindingResult,Model)
	{GET [/manager/operations/v1.6/ChangeAvailability]}: getChangeAvail(Model)
	{GET [/manager/operations/v1.6/ClearCache]}: getClearCache(Model)
	{GET [/manager/operations/v1.6/RemoteStartTransaction]}: getRemoteStartTx(Model)
	{GET [/manager/operations/v1.6/RemoteStopTransaction]}: getRemoteStopTx(Model)
	{GET [/manager/operations/v1.6/UnlockConnector]}: getUnlockCon(Model)
	{GET [/manager/operations/v1.6/UpdateFirmware]}: getUpdateFirm(Model)
	{POST [/manager/operations/v1.6/ChangeAvailability]}: postChangeAvail(ChangeAvailabilityParams,BindingResult,Model)
	{POST [/manager/operations/v1.6/ChangeConfiguration]}: postChangeConf(ChangeConfigurationParams,BindingResult,Model)
	{POST [/manager/operations/v1.6/ClearCache]}: postClearCache(MultipleChargePointSelect,BindingResult,Model)
	{POST [/manager/operations/v1.6/GetDiagnostics]}: postGetDiag(GetDiagnosticsParams,BindingResult,Model)
	{POST [/manager/operations/v1.6/RemoteStartTransaction]}: postRemoteStartTx(RemoteStartTransactionParams,BindingResult,Model)
	{POST [/manager/operations/v1.6/RemoteStopTransaction]}: postRemoteStopTx(RemoteStopTransactionParams,BindingResult,Model)
	{POST [/manager/operations/v1.6/UnlockConnector]}: postUnlockCon(UnlockConnectorParams,BindingResult,Model)
	{POST [/manager/operations/v1.6/UpdateFirmware]}: postUpdateFirm(UpdateFirmwareParams,BindingResult,Model)
	{GET [/manager/operations/v1.6]}: getBase()
[DEBUG] 2022-09-24 19:29:42,107 _org.springframework.web.servlet.HandlerMapping.Mappings (main) -
	d.r.i.s.w.c.Ocpp16RestController:
	{POST [/manager/operations/v1.6/rest/TriggerMessage], consumes [application/json]}: postTriggerMessage(TriggerMessageParams,BindingResult)
	{POST [/manager/operations/v1.6/rest/ChangeAvailability], consumes [application/json]}: postChangeAvail(ChangeAvailabilityParams,BindingResult)
	{POST [/manager/operations/v1.6/rest/ChangeConfiguration], consumes [application/json]}: postChangeConf(ChangeConfigurationParams,BindingResult)
	{POST [/manager/operations/v1.6/rest/RemoteStartTransaction], consumes [application/json]}: postRemoteStartTx(RemoteStartTransactionParams,BindingResult)
	{POST [/manager/operations/v1.6/rest/RemoteStopTransaction], consumes [application/json]}: postRemoteStopTx(RemoteStopTransactionParams,BindingResult)
[DEBUG] 2022-09-24 19:29:42,149 _org.springframework.web.servlet.HandlerMapping.Mappings (main) -
	d.r.i.s.w.c.OcppTagsController:
	{GET [/manager/ocppTags/details/{ocppTagPk}]}: getDetails(int,Model)
	{GET [/manager/ocppTags/add]}: addGet(Model)
	{POST [/manager/ocppTags/unknown/add/{idTag}/]}: addUnknownIdTag(String)
	{POST [/manager/ocppTags/unknown/remove/{idTag}/]}: removeUnknownIdTag(String)
	{POST [/manager/ocppTags/add/single], params [add]}: addSinglePost(OcppTagForm,BindingResult,Model)
	{POST [/manager/ocppTags/add/batch]}: addBatchPost(OcppTagBatchInsertForm,BindingResult,Model)
	{POST [/manager/ocppTags/add/single], params [backToOverview]}: addBackToOverview()
	{POST [/manager/ocppTags/update], params [backToOverview]}: updateBackToOverview()
	{GET [/manager/ocppTags]}: get(Model)
	{POST [/manager/ocppTags/update], params [update]}: update(OcppTagForm,BindingResult,Model)
	{POST [/manager/ocppTags/delete/{ocppTagPk}]}: delete(int)
	{GET [/manager/ocppTags/query]}: getQuery(OcppTagQueryForm,Model)
[DEBUG] 2022-09-24 19:29:42,151 _org.springframework.web.servlet.HandlerMapping.Mappings (main) -
	d.r.i.s.w.c.SignOutController:
	{GET [/manager/signout]}: signOut(HttpServletRequest,HttpServletResponse)
[DEBUG] 2022-09-24 19:29:42,153 _org.springframework.web.servlet.HandlerMapping.Mappings (main) -
	d.r.i.s.w.c.TaskController:
	{GET [/manager/operations/tasks/{taskId}]}: getTaskDetails(Integer,Model)
	{GET [/manager/operations/tasks/{taskId}/details/{chargeBoxId}/]}: getDetailsForChargeBox(Integer,String,Model)
	{GET [/manager/operations/tasks]}: getOverview(Model)
	{POST [/manager/operations/tasks]}: clearFinished(Model)
[DEBUG] 2022-09-24 19:29:42,157 _org.springframework.web.servlet.HandlerMapping.Mappings (main) -
	d.r.i.s.w.c.TransactionsReservationsController:
	{[GET, POST] [/manager/transactions/stop/{transactionPk}]}: stopTransaction(int)
	{GET [/manager/reservations]}: getReservations(Model)
	{GET [/manager/transactions]}: getTransactions(Model)
	{GET [/manager/transactions/details/{transactionPk}]}: getTransactionDetails(int,Model)
	{GET [/manager/transactions/query]}: getTransactionsQuery(TransactionQueryForm,BindingResult,Model,HttpServletResponse)
	{GET [/manager/reservations/query]}: getReservationsQuery(ReservationQueryForm,BindingResult,Model)
[DEBUG] 2022-09-24 19:29:42,166 _org.springframework.web.servlet.HandlerMapping.Mappings (main) -
	d.r.i.s.w.c.UsersController:
	{GET [/manager/users/details/{userPk}]}: getDetails(int,Model)
	{GET [/manager/users/add]}: addGet(Model)
	{POST [/manager/users/add], params [add]}: addPost(UserForm,BindingResult,Model)
	{GET [/manager/users]}: getOverview(Model)
	{POST [/manager/users/add], params [backToOverview]}: addBackToOverview()
	{POST [/manager/users/update], params [backToOverview]}: updateBackToOverview()
	{POST [/manager/users/update], params [update]}: update(UserForm,BindingResult,Model)
	{POST [/manager/users/delete/{userPk}]}: delete(int)
	{GET [/manager/users/query]}: getQuery(UserQueryForm,Model)
[DEBUG] 2022-09-24 19:29:42,198 _org.springframework.web.servlet.HandlerMapping.Mappings (main) - 'viewControllerHandlerMapping' {/manager/signin=ParameterizableViewController [view="signin"]}
[DEBUG] 2022-09-24 19:29:42,204 _org.springframework.web.servlet.HandlerMapping.Mappings (main) - 'beanNameHandlerMapping' {}
.[DEBUG] 2022-09-24 19:29:42,596 _org.springframework.web.servlet.HandlerMapping.Mappings (main) - 'resourceHandlerMapping' {/static/**=ResourceHttpRequestHandler [ServletContext [/static/]]}
[DEBUG] 2022-09-24 19:29:42,699 org.jboss.logging (main) - Logging Provider: org.jboss.logging.Slf4jLoggerProvider found via system property
[INFO ] 2022-09-24 19:29:42,701 org.hibernate.validator.internal.util.Version (main) - HV000001: Hibernate Validator 6.1.7.Final
[DEBUG] 2022-09-24 19:29:42,784 org.hibernate.validator.messageinterpolation.ResourceBundleMessageInterpolator (main) - Loaded expression factory via original TCCL
[DEBUG] 2022-09-24 19:29:42,785 org.hibernate.validator.internal.engine.AbstractConfigurationImpl (main) - Setting custom MessageInterpolator of type org.springframework.validation.beanvalidation.LocaleContextMessageInterpolator
[DEBUG] 2022-09-24 19:29:42,786 org.hibernate.validator.internal.engine.AbstractConfigurationImpl (main) - Setting custom ConstraintValidatorFactory of type org.springframework.validation.beanvalidation.SpringConstraintValidatorFactory
[DEBUG] 2022-09-24 19:29:42,787 org.hibernate.validator.internal.engine.AbstractConfigurationImpl (main) - Setting custom ParameterNameProvider of type org.springframework.validation.beanvalidation.LocalValidatorFactoryBean$1
[DEBUG] 2022-09-24 19:29:42,794 org.hibernate.validator.internal.xml.config.ValidationXmlParser (main) - Trying to load META-INF/validation.xml for XML based Validator configuration.
[DEBUG] 2022-09-24 19:29:42,797 org.hibernate.validator.internal.xml.config.ResourceLoaderHelper (main) - Trying to load META-INF/validation.xml via user class loader
[DEBUG] 2022-09-24 19:29:42,799 org.hibernate.validator.internal.xml.config.ResourceLoaderHelper (main) - Trying to load META-INF/validation.xml via TCCL
[DEBUG] 2022-09-24 19:29:42,800 org.hibernate.validator.internal.xml.config.ResourceLoaderHelper (main) - Trying to load META-INF/validation.xml via Hibernate Validator's class loader
[DEBUG] 2022-09-24 19:29:42,801 org.hibernate.validator.internal.xml.config.ValidationXmlParser (main) - No META-INF/validation.xml found. Using annotation based configuration only.
[DEBUG] 2022-09-24 19:29:42,811 org.hibernate.validator.internal.engine.resolver.TraversableResolvers (main) - Cannot find javax.persistence.Persistence on classpath. Assuming non JPA 2 environment. All properties will per default be traversable.
.[DEBUG] 2022-09-24 19:29:43,197 org.hibernate.validator.internal.engine.ValidatorFactoryConfigurationHelper (main) - HV000252: Using org.hibernate.validator.internal.engine.DefaultPropertyNodeNameProvider as property node name provider.
[DEBUG] 2022-09-24 19:29:43,218 org.hibernate.validator.internal.engine.ValidatorFactoryConfigurationHelper (main) - HV000234: Using org.springframework.validation.beanvalidation.LocaleContextMessageInterpolator as ValidatorFactory-scoped message interpolator.
[DEBUG] 2022-09-24 19:29:43,219 org.hibernate.validator.internal.engine.ValidatorFactoryConfigurationHelper (main) - HV000234: Using org.hibernate.validator.internal.engine.resolver.TraverseAllTraversableResolver as ValidatorFactory-scoped traversable resolver.
[DEBUG] 2022-09-24 19:29:43,226 org.hibernate.validator.internal.engine.ValidatorFactoryConfigurationHelper (main) - HV000234: Using org.hibernate.validator.internal.util.ExecutableParameterNameProvider as ValidatorFactory-scoped parameter name provider.
[DEBUG] 2022-09-24 19:29:43,226 org.hibernate.validator.internal.engine.ValidatorFactoryConfigurationHelper (main) - HV000234: Using org.hibernate.validator.internal.engine.DefaultClockProvider as ValidatorFactory-scoped clock provider.
[DEBUG] 2022-09-24 19:29:43,227 org.hibernate.validator.internal.engine.ValidatorFactoryConfigurationHelper (main) - HV000234: Using org.hibernate.validator.internal.engine.scripting.DefaultScriptEvaluatorFactory as ValidatorFactory-scoped script evaluator factory.
.[DEBUG] 2022-09-24 19:29:43,642 org.hibernate.validator.messageinterpolation.ResourceBundleMessageInterpolator (main) - Loaded expression factory via original TCCL
[DEBUG] 2022-09-24 19:29:43,643 org.hibernate.validator.internal.engine.AbstractConfigurationImpl (main) - Setting custom MessageInterpolator of type org.springframework.validation.beanvalidation.LocaleContextMessageInterpolator
[DEBUG] 2022-09-24 19:29:43,643 org.hibernate.validator.internal.engine.AbstractConfigurationImpl (main) - Setting custom ConstraintValidatorFactory of type org.springframework.validation.beanvalidation.SpringConstraintValidatorFactory
[DEBUG] 2022-09-24 19:29:43,643 org.hibernate.validator.internal.engine.AbstractConfigurationImpl (main) - Setting custom ParameterNameProvider of type org.springframework.validation.beanvalidation.LocalValidatorFactoryBean$1
[DEBUG] 2022-09-24 19:29:43,647 org.hibernate.validator.internal.xml.config.ValidationXmlParser (main) - Trying to load META-INF/validation.xml for XML based Validator configuration.
[DEBUG] 2022-09-24 19:29:43,647 org.hibernate.validator.internal.xml.config.ResourceLoaderHelper (main) - Trying to load META-INF/validation.xml via user class loader
[DEBUG] 2022-09-24 19:29:43,648 org.hibernate.validator.internal.xml.config.ResourceLoaderHelper (main) - Trying to load META-INF/validation.xml via TCCL
[DEBUG] 2022-09-24 19:29:43,649 org.hibernate.validator.internal.xml.config.ResourceLoaderHelper (main) - Trying to load META-INF/validation.xml via Hibernate Validator's class loader
[DEBUG] 2022-09-24 19:29:43,651 org.hibernate.validator.internal.xml.config.ValidationXmlParser (main) - No META-INF/validation.xml found. Using annotation based configuration only.
[DEBUG] 2022-09-24 19:29:43,654 org.hibernate.validator.internal.engine.resolver.TraversableResolvers (main) - Cannot find javax.persistence.Persistence on classpath. Assuming non JPA 2 environment. All properties will per default be traversable.
[DEBUG] 2022-09-24 19:29:43,662 org.hibernate.validator.internal.engine.ValidatorFactoryConfigurationHelper (main) - HV000252: Using org.hibernate.validator.internal.engine.DefaultPropertyNodeNameProvider as property node name provider.
[DEBUG] 2022-09-24 19:29:43,664 org.hibernate.validator.internal.engine.ValidatorFactoryConfigurationHelper (main) - HV000234: Using org.springframework.validation.beanvalidation.LocaleContextMessageInterpolator as ValidatorFactory-scoped message interpolator.
[DEBUG] 2022-09-24 19:29:43,664 org.hibernate.validator.internal.engine.ValidatorFactoryConfigurationHelper (main) - HV000234: Using org.hibernate.validator.internal.engine.resolver.TraverseAllTraversableResolver as ValidatorFactory-scoped traversable resolver.
[DEBUG] 2022-09-24 19:29:43,665 org.hibernate.validator.internal.engine.ValidatorFactoryConfigurationHelper (main) - HV000234: Using org.hibernate.validator.internal.util.ExecutableParameterNameProvider as ValidatorFactory-scoped parameter name provider.
[DEBUG] 2022-09-24 19:29:43,665 org.hibernate.validator.internal.engine.ValidatorFactoryConfigurationHelper (main) - HV000234: Using org.hibernate.validator.internal.engine.DefaultClockProvider as ValidatorFactory-scoped clock provider.
[DEBUG] 2022-09-24 19:29:43,665 org.hibernate.validator.internal.engine.ValidatorFactoryConfigurationHelper (main) - HV000234: Using org.hibernate.validator.internal.engine.scripting.DefaultScriptEvaluatorFactory as ValidatorFactory-scoped script evaluator factory.
[DEBUG] 2022-09-24 19:29:43,798 _org.springframework.web.servlet.HandlerMapping.Mappings (main) - 'webSocketHandlerMapping' {/websocket/CentralSystemService/*=org.springframework.web.socket.server.support.WebSocketHttpRequestHandler@5ace902e}
.[DEBUG] 2022-09-24 19:29:44,281 org.jooq.tools.LoggerListener.org.jooq.tools.LoggerListener (main) - Executing query          : select timestampdiff(second, utc_timestamp(), current_timestamp())
[DEBUG] 2022-09-24 19:29:44,309 org.jooq.tools.LoggerListener.org.jooq.tools.LoggerListener (main) - Fetched result           : +----------------------------+
[DEBUG] 2022-09-24 19:29:44,309 org.jooq.tools.LoggerListener.org.jooq.tools.LoggerListener (main) -                          : |timestampdiff({0}, {1}, {2})|
[DEBUG] 2022-09-24 19:29:44,309 org.jooq.tools.LoggerListener.org.jooq.tools.LoggerListener (main) -                          : +----------------------------+
[DEBUG] 2022-09-24 19:29:44,310 org.jooq.tools.LoggerListener.org.jooq.tools.LoggerListener (main) -                          : |                           0|
[DEBUG] 2022-09-24 19:29:44,311 org.jooq.tools.LoggerListener.org.jooq.tools.LoggerListener (main) -                          : +----------------------------+
[DEBUG] 2022-09-24 19:29:44,312 org.jooq.tools.LoggerListener.org.jooq.tools.LoggerListener (main) - Fetched row(s)           : 1
[INFO ] 2022-09-24 19:29:44,331 org.springframework.web.context.ContextLoader (main) - Root WebApplicationContext initialized in 17238 ms
[INFO ] 2022-09-24 19:29:44,776 org.eclipse.jetty.server.handler.ContextHandler.steve (main) - Initializing Spring DispatcherServlet 'spring-dispatcher'
[INFO ] 2022-09-24 19:29:44,776 org.springframework.web.servlet.DispatcherServlet (main) - Initializing Servlet 'spring-dispatcher'
[INFO ] 2022-09-24 19:29:44,781 org.springframework.web.servlet.DispatcherServlet (main) - Completed initialization in 4 ms
.[INFO ] 2022-09-24 19:29:44,833 org.eclipse.jetty.server.handler.ContextHandler (main) - Started o.e.j.w.WebAppContext@56781d96{/steve,file:///Users/lovababu/projects/continuum-electrolite/steve-master/target/classes/webapp/,AVAILABLE}
[INFO ] 2022-09-24 19:29:44,884 org.eclipse.jetty.server.AbstractConnector (main) - Started ServerConnector@254c47f0{HTTP/1.1, (http/1.1)}{127.0.0.1:8080}
[INFO ] 2022-09-24 19:29:44,906 org.eclipse.jetty.server.Server (main) - Started Server@4e406694{STARTING}[10.0.11,sto=5000] @28210ms
 Done!
Hint: You can stop the application by pressing CTRL+C

Access the web interface using
- http://127.0.0.1:8080/steve/manager/home
SOAP endpoint for OCPP
- http://127.0.0.1:8080/steve/services/CentralSystemService
WebSocket/JSON endpoint for OCPP
- ws://127.0.0.1:8080/steve/websocket/CentralSystemService/(chargeBoxId)
